<?xml version="1.0" encoding="UTF-8"?>
<!-- Generated by org.testng.reporters.JUnitReportReporter -->
<testsuite hostname="LAPTOP-KR2TJOMA" name="variousConcepts.InpuStreamExmpl" tests="1" failures="0" timestamp="12 Oct 2022 00:43:28 GMT" time="17.116" errors="0">
  <testcase name="addCustomer" time="17.116" classname="variousConcepts.InpuStreamExmpl"/>
</testsuite> <!-- variousConcepts.InpuStreamExmpl -->
